DEB [20180427-10:15:08.935] thr=1   paramiko.transport: starting thread (client mode): 0x347add8
DEB [20180427-10:15:08.935] thr=1   paramiko.transport: Local version/idstring: SSH-2.0-paramiko_2.4.1
DEB [20180427-10:15:08.951] thr=1   paramiko.transport: Remote version/idstring: SSH-1.99-OpenSSH_5.3
INF [20180427-10:15:08.951] thr=1   paramiko.transport: Connected (version 1.99, client OpenSSH_5.3)
DEB [20180427-10:15:08.951] thr=1   paramiko.transport: kex algos:['diffie-hellman-group-exchange-sha256', 'diffie-hellman-group-exchange-sha1', 'diffie-hellman-group14-sha1', 'diffie-hellman-group1-sha1'] server key:['ssh-rsa', 'ssh-dss'] client encrypt:['aes128-ctr', 'aes192-ctr', 'aes256-ctr', 'arcfour256', 'arcfour128', 'aes128-cbc', '3des-cbc', 'blowfish-cbc', 'cast128-cbc', 'aes192-cbc', 'aes256-cbc', 'arcfour', 'rijndael-cbc@lysator.liu.se'] server encrypt:['aes128-ctr', 'aes192-ctr', 'aes256-ctr', 'arcfour256', 'arcfour128', 'aes128-cbc', '3des-cbc', 'blowfish-cbc', 'cast128-cbc', 'aes192-cbc', 'aes256-cbc', 'arcfour', 'rijndael-cbc@lysator.liu.se'] client mac:['hmac-md5', 'hmac-sha1', 'umac-64@openssh.com', 'hmac-ripemd160', 'hmac-ripemd160@openssh.com', 'hmac-sha1-96', 'hmac-md5-96'] server mac:['hmac-md5', 'hmac-sha1', 'umac-64@openssh.com', 'hmac-ripemd160', 'hmac-ripemd160@openssh.com', 'hmac-sha1-96', 'hmac-md5-96'] client compress:['none', 'zlib@openssh.com'] server compress:['none', 'zlib@openssh.com'] client lang:[''] server lang:[''] kex follows?False
DEB [20180427-10:15:08.951] thr=1   paramiko.transport: Kex agreed: diffie-hellman-group-exchange-sha256
DEB [20180427-10:15:08.951] thr=1   paramiko.transport: HostKey agreed: ssh-rsa
DEB [20180427-10:15:08.951] thr=1   paramiko.transport: Cipher agreed: aes128-ctr
DEB [20180427-10:15:08.951] thr=1   paramiko.transport: MAC agreed: hmac-sha1
DEB [20180427-10:15:08.951] thr=1   paramiko.transport: Compression agreed: none
DEB [20180427-10:15:08.951] thr=1   paramiko.transport: Got server p (2048 bits)
DEB [20180427-10:15:10.667] thr=1   paramiko.transport: kex engine KexGexSHA256 specified hash_algo <built-in function openssl_sha256>
DEB [20180427-10:15:10.667] thr=1   paramiko.transport: Switch to new keys ...
DEB [20180427-10:15:10.667] thr=2   paramiko.transport: Adding ssh-rsa host key for 10.24.78.133: b'e57ae1ff34d77d4d1c9b6c2772f77c1b'
DEB [20180427-10:15:10.807] thr=1   paramiko.transport: userauth is OK
INF [20180427-10:15:10.869] thr=1   paramiko.transport: Authentication (password) successful!
DEB [20180427-10:15:10.869] thr=2   paramiko.transport: [chan 0] Max packet in: 32768 bytes
DEB [20180427-10:15:10.932] thr=1   paramiko.transport: [chan 0] Max packet out: 32768 bytes
DEB [20180427-10:15:10.947] thr=1   paramiko.transport: Secsh channel 0 opened.
DEB [20180427-10:15:10.947] thr=1   paramiko.transport: [chan 0] Sesch channel 0 request ok
DEB [20180427-10:15:11.041] thr=1   paramiko.transport: [chan 0] EOF received (0)
DEB [20180427-10:15:11.041] thr=1   paramiko.transport: [chan 0] EOF sent (0)
DEB [20180427-10:15:11.057] thr=1   paramiko.transport: Dropping user packet because connection is dead.
DEB [20180427-10:15:11.057] thr=1   paramiko.transport: Dropping user packet because connection is dead.
DEB [20180427-16:42:00.153] thr=1   paramiko.transport: starting thread (client mode): 0x307bf60
DEB [20180427-16:42:00.215] thr=1   paramiko.transport: Local version/idstring: SSH-2.0-paramiko_2.4.1
DEB [20180427-16:42:00.215] thr=1   paramiko.transport: Remote version/idstring: SSH-1.99-OpenSSH_5.3
INF [20180427-16:42:00.215] thr=1   paramiko.transport: Connected (version 1.99, client OpenSSH_5.3)
DEB [20180427-16:42:00.231] thr=1   paramiko.transport: kex algos:['diffie-hellman-group-exchange-sha256', 'diffie-hellman-group-exchange-sha1', 'diffie-hellman-group14-sha1', 'diffie-hellman-group1-sha1'] server key:['ssh-rsa', 'ssh-dss'] client encrypt:['aes128-ctr', 'aes192-ctr', 'aes256-ctr', 'arcfour256', 'arcfour128', 'aes128-cbc', '3des-cbc', 'blowfish-cbc', 'cast128-cbc', 'aes192-cbc', 'aes256-cbc', 'arcfour', 'rijndael-cbc@lysator.liu.se'] server encrypt:['aes128-ctr', 'aes192-ctr', 'aes256-ctr', 'arcfour256', 'arcfour128', 'aes128-cbc', '3des-cbc', 'blowfish-cbc', 'cast128-cbc', 'aes192-cbc', 'aes256-cbc', 'arcfour', 'rijndael-cbc@lysator.liu.se'] client mac:['hmac-md5', 'hmac-sha1', 'umac-64@openssh.com', 'hmac-ripemd160', 'hmac-ripemd160@openssh.com', 'hmac-sha1-96', 'hmac-md5-96'] server mac:['hmac-md5', 'hmac-sha1', 'umac-64@openssh.com', 'hmac-ripemd160', 'hmac-ripemd160@openssh.com', 'hmac-sha1-96', 'hmac-md5-96'] client compress:['none', 'zlib@openssh.com'] server compress:['none', 'zlib@openssh.com'] client lang:[''] server lang:[''] kex follows?False
DEB [20180427-16:42:00.231] thr=1   paramiko.transport: Kex agreed: diffie-hellman-group-exchange-sha256
DEB [20180427-16:42:00.231] thr=1   paramiko.transport: HostKey agreed: ssh-rsa
DEB [20180427-16:42:00.231] thr=1   paramiko.transport: Cipher agreed: aes128-ctr
DEB [20180427-16:42:00.231] thr=1   paramiko.transport: MAC agreed: hmac-sha1
DEB [20180427-16:42:00.231] thr=1   paramiko.transport: Compression agreed: none
DEB [20180427-16:42:00.277] thr=1   paramiko.transport: Got server p (2048 bits)
DEB [20180427-16:42:00.933] thr=1   paramiko.transport: kex engine KexGexSHA256 specified hash_algo <built-in function openssl_sha256>
DEB [20180427-16:42:00.933] thr=1   paramiko.transport: Switch to new keys ...
DEB [20180427-16:42:00.933] thr=2   paramiko.transport: Adding ssh-rsa host key for 10.24.78.133: b'e57ae1ff34d77d4d1c9b6c2772f77c1b'
DEB [20180427-16:42:00.979] thr=1   paramiko.transport: userauth is OK
INF [20180427-16:42:00.995] thr=1   paramiko.transport: Authentication (password) successful!
DEB [20180427-16:42:00.995] thr=2   paramiko.transport: [chan 0] Max packet in: 32768 bytes
DEB [20180427-16:42:01.057] thr=1   paramiko.transport: [chan 0] Max packet out: 32768 bytes
DEB [20180427-16:42:01.057] thr=1   paramiko.transport: Secsh channel 0 opened.
DEB [20180427-16:42:01.057] thr=1   paramiko.transport: [chan 0] Sesch channel 0 request ok
DEB [20180427-16:42:01.057] thr=1   paramiko.transport: [chan 0] Sesch channel 0 request ok
DEB [20180427-16:45:11.501] thr=1   paramiko.transport: starting thread (client mode): 0x307bf60
DEB [20180427-16:45:11.501] thr=1   paramiko.transport: Local version/idstring: SSH-2.0-paramiko_2.4.1
DEB [20180427-16:45:11.517] thr=1   paramiko.transport: Remote version/idstring: SSH-1.99-OpenSSH_5.3
INF [20180427-16:45:11.517] thr=1   paramiko.transport: Connected (version 1.99, client OpenSSH_5.3)
DEB [20180427-16:45:11.517] thr=1   paramiko.transport: kex algos:['diffie-hellman-group-exchange-sha256', 'diffie-hellman-group-exchange-sha1', 'diffie-hellman-group14-sha1', 'diffie-hellman-group1-sha1'] server key:['ssh-rsa', 'ssh-dss'] client encrypt:['aes128-ctr', 'aes192-ctr', 'aes256-ctr', 'arcfour256', 'arcfour128', 'aes128-cbc', '3des-cbc', 'blowfish-cbc', 'cast128-cbc', 'aes192-cbc', 'aes256-cbc', 'arcfour', 'rijndael-cbc@lysator.liu.se'] server encrypt:['aes128-ctr', 'aes192-ctr', 'aes256-ctr', 'arcfour256', 'arcfour128', 'aes128-cbc', '3des-cbc', 'blowfish-cbc', 'cast128-cbc', 'aes192-cbc', 'aes256-cbc', 'arcfour', 'rijndael-cbc@lysator.liu.se'] client mac:['hmac-md5', 'hmac-sha1', 'umac-64@openssh.com', 'hmac-ripemd160', 'hmac-ripemd160@openssh.com', 'hmac-sha1-96', 'hmac-md5-96'] server mac:['hmac-md5', 'hmac-sha1', 'umac-64@openssh.com', 'hmac-ripemd160', 'hmac-ripemd160@openssh.com', 'hmac-sha1-96', 'hmac-md5-96'] client compress:['none', 'zlib@openssh.com'] server compress:['none', 'zlib@openssh.com'] client lang:[''] server lang:[''] kex follows?False
DEB [20180427-16:45:11.517] thr=1   paramiko.transport: Kex agreed: diffie-hellman-group-exchange-sha256
DEB [20180427-16:45:11.517] thr=1   paramiko.transport: HostKey agreed: ssh-rsa
DEB [20180427-16:45:11.517] thr=1   paramiko.transport: Cipher agreed: aes128-ctr
DEB [20180427-16:45:11.517] thr=1   paramiko.transport: MAC agreed: hmac-sha1
DEB [20180427-16:45:11.517] thr=1   paramiko.transport: Compression agreed: none
DEB [20180427-16:45:11.517] thr=1   paramiko.transport: Got server p (2048 bits)
DEB [20180427-16:45:11.673] thr=1   paramiko.transport: kex engine KexGexSHA256 specified hash_algo <built-in function openssl_sha256>
DEB [20180427-16:45:11.673] thr=1   paramiko.transport: Switch to new keys ...
DEB [20180427-16:45:11.689] thr=2   paramiko.transport: Adding ssh-rsa host key for 10.24.78.133: b'e57ae1ff34d77d4d1c9b6c2772f77c1b'
DEB [20180427-16:45:11.720] thr=1   paramiko.transport: userauth is OK
INF [20180427-16:45:11.735] thr=1   paramiko.transport: Authentication (password) successful!
DEB [20180427-16:45:11.735] thr=2   paramiko.transport: [chan 0] Max packet in: 32768 bytes
DEB [20180427-16:45:11.798] thr=1   paramiko.transport: [chan 0] Max packet out: 32768 bytes
DEB [20180427-16:45:11.798] thr=1   paramiko.transport: Secsh channel 0 opened.
DEB [20180427-16:45:11.798] thr=1   paramiko.transport: [chan 0] Sesch channel 0 request ok
DEB [20180427-16:45:11.798] thr=1   paramiko.transport: [chan 0] Sesch channel 0 request ok
DEB [20180427-16:45:21.893] thr=2   paramiko.transport: [chan 0] EOF sent (0)
DEB [20180427-16:45:21.956] thr=1   paramiko.transport: EOF in transport thread
